Traceback (most recent call last):
  File "C:\Users\32503\anaconda3\envs\PSW_LLC\Lib\site-packages\jupyter_cache\executors\utils.py", line 58, in single_nb_execution
    executenb(
  File "C:\Users\32503\anaconda3\envs\PSW_LLC\Lib\site-packages\nbclient\client.py", line 1305, in execute
    return NotebookClient(nb=nb, resources=resources, km=km, **kwargs).execute()
           ^^^^^^^^^^^^^^^^^^^^^^^^^^^^^^^^^^^^^^^^^^^^^^^^^^^^^^^^^^^^^^^^^^^^^
  File "C:\Users\32503\anaconda3\envs\PSW_LLC\Lib\site-packages\jupyter_core\utils\__init__.py", line 173, in wrapped
    return loop.run_until_complete(inner)
           ^^^^^^^^^^^^^^^^^^^^^^^^^^^^^^
  File "C:\Users\32503\anaconda3\envs\PSW_LLC\Lib\asyncio\base_events.py", line 664, in run_until_complete
    return future.result()
           ^^^^^^^^^^^^^^^
  File "C:\Users\32503\anaconda3\envs\PSW_LLC\Lib\site-packages\nbclient\client.py", line 705, in async_execute
    await self.async_execute_cell(
  File "C:\Users\32503\anaconda3\envs\PSW_LLC\Lib\site-packages\nbclient\client.py", line 1058, in async_execute_cell
    await self._check_raise_for_error(cell, cell_index, exec_reply)
  File "C:\Users\32503\anaconda3\envs\PSW_LLC\Lib\site-packages\nbclient\client.py", line 914, in _check_raise_for_error
    raise CellExecutionError.from_cell_and_msg(cell, exec_reply_content)
nbclient.exceptions.CellExecutionError: An error occurred while executing the following cell:
------------------
import plotly.graph_objects as go

fig = go.Figure(data=[go.Sankey(
    node = dict(
      pad = 20,
      thickness = 50,
      line = dict(color = "black", width = 0.5),
      label = ["Aerospace Engineering","Chemical Engineering", "Physics" "Civil and Environmental Engineering", "Industrial Engineering", "Materials Science and Engineering", "Plasma engineering", "Mechanical Engineering",
              "Aerospace Engineer", 
        "Flight Systems Test Engineer", 
        "Spacecraft Designer", 
        "Aerodynamics Analyst", 
        "Propulsion Engineer",
        "Process Engineer", 
        "Chemical Plant Manager", 
        "Biochemical Engineer", 
        "Environmental Engineer", 
        "Quality Control Engineer",
              "Research Scientist", 
        "Laboratory Technician", 
        "High School Physics Teacher", 
        "Data Analyst", 
        "Radiologist",
                 "Civil Engineer", 
        "Structural Engineer", 
        "Environmental Consultant", 
        "Water Resources Engineer", 
        "Urban Planner"
              ],
      color = ["blue","red"]
    ),
    link = dict(
      source = [6, 2, 3, 2, 2, 5, 6, 0, 6, 0, 1, 6, 2, 3, 3, 7, 1, 3, 0, 2, 6, 2, 3, 3, 3, 7, 5, 1, 4, 4, 4, 5, 6, 4, 0, 3, 5, 2, 2, 0, 1, 4, 6, 3, 0, 5, 4, 3, 6, 0],
      target = [19, 13, 17, 17, 12, 24, 15, 19, 13, 12, 16, 8, 15, 21, 27, 18, 16, 20, 25, 18, 16, 15, 18, 9, 21, 10, 7, 23, 19, 13, 27, 27, 20, 24, 9, 11, 24, 16, 15, 10, 14, 24, 13, 14, 15, 18, 15, 19, 22, 17],
      value = [25, 11, 19, 24, 22, 21, 14, 23, 26, 22, 47, 21, 25, 47, 9, 6, 34, 38, 35, 45, 18, 39, 0, 24, 21, 22, 32, 32, 47, 36, 21, 29, 40, 35, 24, 19, 18, 47, 9, 0, 30, 32, 14, 0, 17, 37, 23, 29, 39, 29]

  ))])

fig.update_layout(title_text="From Academia to Industry", font_size=10)
fig.show()
------------------


[1;31m---------------------------------------------------------------------------[0m
[1;31mModuleNotFoundError[0m                       Traceback (most recent call last)
Cell [1;32mIn[2], line 1[0m
[1;32m----> 1[0m [38;5;28;01mimport[39;00m [38;5;21;01mplotly[39;00m[38;5;21;01m.[39;00m[38;5;21;01mgraph_objects[39;00m [38;5;28;01mas[39;00m [38;5;21;01mgo[39;00m
[0;32m      3[0m fig [38;5;241m=[39m go[38;5;241m.[39mFigure(data[38;5;241m=[39m[go[38;5;241m.[39mSankey(
[0;32m      4[0m     node [38;5;241m=[39m [38;5;28mdict[39m(
[0;32m      5[0m       pad [38;5;241m=[39m [38;5;241m20[39m,
[1;32m   (...)[0m
[0;32m     36[0m 
[0;32m     37[0m   ))])
[0;32m     39[0m fig[38;5;241m.[39mupdate_layout(title_text[38;5;241m=[39m[38;5;124m"[39m[38;5;124mFrom Academia to Industry[39m[38;5;124m"[39m, font_size[38;5;241m=[39m[38;5;241m10[39m)

[1;31mModuleNotFoundError[0m: No module named 'plotly'

